#
# A fatal error has been detected by the Java Runtime Environment:
#
#  EXCEPTION_ACCESS_VIOLATION (0xc0000005) at pc=0x000000005503dd50, pid=4932, tid=5664
#
# JRE version: Java(TM) SE Runtime Environment (8.0_40-b25) (build 1.8.0_40-b25)
# Java VM: Java HotSpot(TM) 64-Bit Server VM (25.40-b25 mixed mode windows-amd64 compressed oops)
# Problematic frame:
# V  [jvm.dll+0xadd50]
#
# Failed to write core dump. Minidumps are not enabled by default on client versions of Windows
#
# If you would like to submit a bug report, please visit:
#   http://bugreport.java.com/bugreport/crash.jsp
#

---------------  T H R E A D  ---------------

Current thread (0x000000000214d800):  GCTaskThread [stack: 0x0000000003270000,0x0000000003370000] [id=5664]

siginfo: ExceptionCode=0xc0000005, reading address 0x0000000000000008

Registers:
RAX=0x0000000003920000, RBX=0x000000008327c818, RCX=0x000000008327c818, RDX=0x0000000000000000
RSP=0x000000000336f328, RBP=0x0000000008578d10, RSI=0x000000008327c86c, RDI=0x000000008327c818
R8 =0x000000000000e3e4, R9 =0x0000000000000000, R10=0x000000000000000c, R11=0x0000000000000000
R12=0x000000008327c878, R13=0x0000000000000004, R14=0x000000008327c858, R15=0x0000000000000004
RIP=0x000000005503dd50, EFLAGS=0x0000000000010246

Top of Stack: (sp=0x000000000336f328)
0x000000000336f328:   00000000550993a7 000000008327c858
0x000000000336f338:   0000000055383518 0000000055794040
0x000000000336f348:   0000000000000004 000000008327c818
0x000000000336f358:   00000000550c837a 00000000000000c0
0x000000000336f368:   00000000550a2b86 000000008327c858
0x000000000336f378:   000000008327c84c 0000000008578d10
0x000000000336f388:   00000000550c8483 0000000000000000
0x000000000336f398:   000000000214e1a0 00000000021451f0
0x000000000336f3a8:   000000000336f4d9 00000000000000c0
0x000000000336f3b8:   000000005537f390 0000000008578d10
0x000000000336f3c8:   0000000008578d10 00000000555d5c28
0x000000000336f3d8:   00000000555d5c28 0000000008ab0100
0x000000000336f3e8:   000000000336f4d9 0000000000000000
0x000000000336f3f8:   0000000000000004 0000000008578d10
0x000000000336f408:   00000000550a11a2 0000000081ab2138
0x000000000336f418:   0000000000000000 0000000000000000 

Instructions: (pc=0x000000005503dd50)
0x000000005503dd30:   6c 94 1d 00 48 8b 9c 24 d0 00 00 00 48 81 c4 c0
0x000000005503dd40:   00 00 00 5d c3 cc cc cc cc cc cc cc cc cc cc cc
0x000000005503dd50:   44 8b 42 08 4c 8b ca 45 85 c0 7e 0e 41 f6 c0 01
0x000000005503dd60:   75 57 41 c1 f8 03 41 8b c0 c3 79 4d 80 3d 6e bf 


Register to memory mapping:

RAX=0x0000000003920000 is an unknown value
RBX=0x000000008327c818 is pointing into object: 0x000000008327c7f8
java.util.HashMap 
 - klass: 'java/util/HashMap'
RCX=0x000000008327c818 is pointing into object: 0x000000008327c7f8
java.util.HashMap 
 - klass: 'java/util/HashMap'
RDX=0x0000000000000000 is an unknown value
RSP=0x000000000336f328 is an unknown value
RBP=0x0000000008578d10 is an unknown value
RSI=0x000000008327c86c is pointing into object: 0x000000008327c858
[Ljava.util.HashMap$Node; 
 - klass: 'java/util/HashMap$Node'[]
 - length: 4
RDI=0x000000008327c818 is pointing into object: 0x000000008327c7f8
java.util.HashMap 
 - klass: 'java/util/HashMap'
R8 =0x000000000000e3e4 is an unknown value
R9 =0x0000000000000000 is an unknown value
R10=0x000000000000000c is an unknown value
R11=0x0000000000000000 is an unknown value
R12=0x000000008327c878 is an oop
java.util.HashMap$Node 
 - klass: 'java/util/HashMap$Node'
R13=0x0000000000000004 is an unknown value
R14=0x000000008327c858 is an oop
[Ljava.util.HashMap$Node; 
 - klass: 'java/util/HashMap$Node'[]
 - length: 4
R15=0x0000000000000004 is an unknown value


Stack: [0x0000000003270000,0x0000000003370000],  sp=0x000000000336f328,  free space=1020k
Native frames: (J=compiled Java code, j=interpreted, Vv=VM code, C=native code)
V  [jvm.dll+0xadd50]


---------------  P R O C E S S  ---------------

Java Threads: ( => current thread )
  0x000000000a156800 JavaThread "Service Thread" daemon [_thread_blocked, id=6792, stack(0x000000000a5f0000,0x000000000a6f0000)]
  0x000000000866d000 JavaThread "C1 CompilerThread2" daemon [_thread_blocked, id=6680, stack(0x0000000009a10000,0x0000000009b10000)]
  0x000000000866b800 JavaThread "C2 CompilerThread1" daemon [_thread_blocked, id=828, stack(0x0000000009fd0000,0x000000000a0d0000)]
  0x0000000008667000 JavaThread "C2 CompilerThread0" daemon [_thread_blocked, id=6084, stack(0x0000000009dc0000,0x0000000009ec0000)]
  0x0000000008663800 JavaThread "Attach Listener" daemon [_thread_blocked, id=2680, stack(0x0000000009bd0000,0x0000000009cd0000)]
  0x0000000008662800 JavaThread "Signal Dispatcher" daemon [_thread_blocked, id=6968, stack(0x0000000009910000,0x0000000009a10000)]
  0x0000000008608800 JavaThread "Finalizer" daemon [_thread_blocked, id=7904, stack(0x00000000094b0000,0x00000000095b0000)]
  0x0000000008601800 JavaThread "Reference Handler" daemon [_thread_blocked, id=8156, stack(0x0000000009750000,0x0000000009850000)]
  0x00000000022ef000 JavaThread "main" [_thread_blocked, id=7744, stack(0x0000000002370000,0x0000000002470000)]

Other Threads:
  0x00000000085fc000 VMThread [stack: 0x00000000095c0000,0x00000000096c0000] [id=7920]
  0x000000000a159000 WatcherThread [stack: 0x000000000a4e0000,0x000000000a5e0000] [id=3580]

=>0x000000000214d800 (exited) GCTaskThread [stack: 0x0000000003270000,0x0000000003370000] [id=5664]

VM state:at safepoint (normal execution)

VM Mutex/Monitor currently owned by a thread:  ([mutex/lock_event])
[0x00000000022ecc30] Threads_lock - owner thread: 0x00000000085fc000
[0x00000000022ed130] Heap_lock - owner thread: 0x00000000022ef000

Heap:
 PSYoungGen      total 313856K, used 64K [0x00000000d5d00000, 0x00000000ebe00000, 0x0000000100000000)
  eden space 265728K, 0% used [0x00000000d5d00000,0x00000000d5d00000,0x00000000e6080000)
  from space 48128K, 0% used [0x00000000e6080000,0x00000000e6090000,0x00000000e8f80000)
  to   space 47616K, 0% used [0x00000000e8f80000,0x00000000e8f80000,0x00000000ebe00000)
 ParOldGen       total 87552K, used 49590K [0x0000000081600000, 0x0000000086b80000, 0x00000000d5d00000)
  object space 87552K, 56% used [0x0000000081600000,0x000000008466daa8,0x0000000086b80000)
 Metaspace       used 18503K, capacity 19142K, committed 19328K, reserved 1067008K
  class space    used 2156K, capacity 2348K, committed 2432K, reserved 1048576K

Card table byte_map: [0x0000000002bc0000,0x0000000002fc0000] byte_map_base: 0x00000000027b5000

Marking Bits: (ParMarkBitMap*) 0x0000000055794040
 Begin Bits: [0x0000000003920000, 0x00000000058c8000)
 End Bits:   [0x00000000058c8000, 0x0000000007870000)

Polling page: 0x0000000000320000

CodeCache: size=245760Kb used=12154Kb max_used=13407Kb free=233605Kb
 bounds [0x000000000f010000, 0x000000000fd70000, 0x000000001e010000]
 total_blobs=3789 nmethods=3445 adapters=256
 compilation: enabled

Compilation events (10 events):
Event: 16.149 Thread 0x000000000866d000 3991   !   3       sun.net.www.protocol.jar.JarFileFactory::close (45 bytes)
Event: 16.150 Thread 0x000000000866d000 nmethod 3991 0x000000000f194f10 code [0x000000000f195120, 0x000000000f195c48]
Event: 16.150 Thread 0x000000000866d000 3992       3       java.util.zip.Inflater::finalize (5 bytes)
Event: 16.150 Thread 0x000000000866d000 nmethod 3992 0x000000000f6ec750 code [0x000000000f6ec8c0, 0x000000000f6eca68]
Event: 16.151 Thread 0x000000000866d000 3993   !   3       java.util.zip.ZipFile$ZipFileInflaterInputStream::close (67 bytes)
Event: 16.151 Thread 0x000000000866d000 nmethod 3993 0x000000000f3b65d0 code [0x000000000f3b67a0, 0x000000000f3b6f98]
Event: 16.157 Thread 0x000000000866d000 3994       3       java.util.zip.ZipFile::finalize (5 bytes)
Event: 16.157 Thread 0x000000000866d000 nmethod 3994 0x000000000f88f3d0 code [0x000000000f88f540, 0x000000000f88f748]
Event: 16.161 Thread 0x0000000008667000 3995   !   4       java.util.zip.ZipFile$ZipFileInflaterInputStream::close (67 bytes)
Event: 16.179 Thread 0x0000000008667000 nmethod 3995 0x000000000f7115d0 code [0x000000000f7117a0, 0x000000000f7126b0]

GC Heap History (10 events):
Event: 15.750 GC heap after
Heap after GC invocations=7 (full 0):
 PSYoungGen      total 292864K, used 30037K [0x00000000d5d00000, 0x00000000ebe00000, 0x0000000100000000)
  eden space 247808K, 0% used [0x00000000d5d00000,0x00000000d5d00000,0x00000000e4f00000)
  from space 45056K, 66% used [0x00000000e4f00000,0x00000000e6c554c0,0x00000000e7b00000)
  to   space 47616K, 0% used [0x00000000e8f80000,0x00000000e8f80000,0x00000000ebe00000)
 ParOldGen       total 87552K, used 58897K [0x0000000081600000, 0x0000000086b80000, 0x00000000d5d00000)
  object space 87552K, 67% used [0x0000000081600000,0x0000000084f84788,0x0000000086b80000)
 Metaspace       used 18501K, capacity 19142K, committed 19328K, reserved 1067008K
  class space    used 2156K, capacity 2348K, committed 2432K, reserved 1048576K
}
Event: 15.750 GC heap before
{Heap before GC invocations=8 (full 1):
 PSYoungGen      total 292864K, used 30037K [0x00000000d5d00000, 0x00000000ebe00000, 0x0000000100000000)
  eden space 247808K, 0% used [0x00000000d5d00000,0x00000000d5d00000,0x00000000e4f00000)
  from space 45056K, 66% used [0x00000000e4f00000,0x00000000e6c554c0,0x00000000e7b00000)
  to   space 47616K, 0% used [0x00000000e8f80000,0x00000000e8f80000,0x00000000ebe00000)
 ParOldGen       total 87552K, used 58897K [0x0000000081600000, 0x0000000086b80000, 0x00000000d5d00000)
  object space 87552K, 67% used [0x0000000081600000,0x0000000084f84788,0x0000000086b80000)
 Metaspace       used 18501K, capacity 19142K, committed 19328K, reserved 1067008K
  class space    used 2156K, capacity 2348K, committed 2432K, reserved 1048576K
Event: 16.017 GC heap after
Heap after GC invocations=8 (full 1):
 PSYoungGen      total 292864K, used 0K [0x00000000d5d00000, 0x00000000ebe00000, 0x0000000100000000)
  eden space 247808K, 0% used [0x00000000d5d00000,0x00000000d5d00000,0x00000000e4f00000)
  from space 45056K, 0% used [0x00000000e4f00000,0x00000000e4f00000,0x00000000e7b00000)
  to   space 47616K, 0% used [0x00000000e8f80000,0x00000000e8f80000,0x00000000ebe00000)
 ParOldGen       total 87552K, used 52588K [0x0000000081600000, 0x0000000086b80000, 0x00000000d5d00000)
  object space 87552K, 60% used [0x0000000081600000,0x000000008495b2d8,0x0000000086b80000)
 Metaspace       used 18501K, capacity 19142K, committed 19328K, reserved 1067008K
  class space    used 2156K, capacity 2348K, committed 2432K, reserved 1048576K
}
Event: 16.021 GC heap before
{Heap before GC invocations=9 (full 1):
 PSYoungGen      total 292864K, used 0K [0x00000000d5d00000, 0x00000000ebe00000, 0x0000000100000000)
  eden space 247808K, 0% used [0x00000000d5d00000,0x00000000d5d00000,0x00000000e4f00000)
  from space 45056K, 0% used [0x00000000e4f00000,0x00000000e4f00000,0x00000000e7b00000)
  to   space 47616K, 0% used [0x00000000e8f80000,0x00000000e8f80000,0x00000000ebe00000)
 ParOldGen       total 87552K, used 52588K [0x0000000081600000, 0x0000000086b80000, 0x00000000d5d00000)
  object space 87552K, 60% used [0x0000000081600000,0x000000008495b2d8,0x0000000086b80000)
 Metaspace       used 18501K, capacity 19142K, committed 19328K, reserved 1067008K
  class space    used 2156K, capacity 2348K, committed 2432K, reserved 1048576K
Event: 16.024 GC heap after
Heap after GC invocations=9 (full 1):
 PSYoungGen      total 313344K, used 0K [0x00000000d5d00000, 0x00000000ebf00000, 0x0000000100000000)
  eden space 265728K, 0% used [0x00000000d5d00000,0x00000000d5d00000,0x00000000e6080000)
  from space 47616K, 0% used [0x00000000e8f80000,0x00000000e8f80000,0x00000000ebe00000)
  to   space 48128K, 0% used [0x00000000e6080000,0x00000000e6080000,0x00000000e8f80000)
 ParOldGen       total 87552K, used 52588K [0x0000000081600000, 0x0000000086b80000, 0x00000000d5d00000)
  object space 87552K, 60% used [0x0000000081600000,0x000000008495b2d8,0x0000000086b80000)
 Metaspace       used 18501K, capacity 19142K, committed 19328K, reserved 1067008K
  class space    used 2156K, capacity 2348K, committed 2432K, reserved 1048576K
}
Event: 16.024 GC heap before
{Heap before GC invocations=10 (full 2):
 PSYoungGen      total 313344K, used 0K [0x00000000d5d00000, 0x00000000ebf00000, 0x0000000100000000)
  eden space 265728K, 0% used [0x00000000d5d00000,0x00000000d5d00000,0x00000000e6080000)
  from space 47616K, 0% used [0x00000000e8f80000,0x00000000e8f80000,0x00000000ebe00000)
  to   space 48128K, 0% used [0x00000000e6080000,0x00000000e6080000,0x00000000e8f80000)
 ParOldGen       total 87552K, used 52588K [0x0000000081600000, 0x0000000086b80000, 0x00000000d5d00000)
  object space 87552K, 60% used [0x0000000081600000,0x000000008495b2d8,0x0000000086b80000)
 Metaspace       used 18501K, capacity 19142K, committed 19328K, reserved 1067008K
  class space    used 2156K, capacity 2348K, committed 2432K, reserved 1048576K
Event: 16.135 GC heap after
Heap after GC invocations=10 (full 2):
 PSYoungGen      total 313344K, used 0K [0x00000000d5d00000, 0x00000000ebf00000, 0x0000000100000000)
  eden space 265728K, 0% used [0x00000000d5d00000,0x00000000d5d00000,0x00000000e6080000)
  from space 47616K, 0% used [0x00000000e8f80000,0x00000000e8f80000,0x00000000ebe00000)
  to   space 48128K, 0% used [0x00000000e6080000,0x00000000e6080000,0x00000000e8f80000)
 ParOldGen       total 87552K, used 49590K [0x0000000081600000, 0x0000000086b80000, 0x00000000d5d00000)
  object space 87552K, 56% used [0x0000000081600000,0x000000008466daa8,0x0000000086b80000)
 Metaspace       used 18501K, capacity 19142K, committed 19328K, reserved 1067008K
  class space    used 2156K, capacity 2348K, committed 2432K, reserved 1048576K
}
Event: 16.181 GC heap before
{Heap before GC invocations=11 (full 2):
 PSYoungGen      total 313344K, used 10588K [0x00000000d5d00000, 0x00000000ebf00000, 0x0000000100000000)
  eden space 265728K, 3% used [0x00000000d5d00000,0x00000000d67570a0,0x00000000e6080000)
  from space 47616K, 0% used [0x00000000e8f80000,0x00000000e8f80000,0x00000000ebe00000)
  to   space 48128K, 0% used [0x00000000e6080000,0x00000000e6080000,0x00000000e8f80000)
 ParOldGen       total 87552K, used 49590K [0x0000000081600000, 0x0000000086b80000, 0x00000000d5d00000)
  object space 87552K, 56% used [0x0000000081600000,0x000000008466daa8,0x0000000086b80000)
 Metaspace       used 18503K, capacity 19142K, committed 19328K, reserved 1067008K
  class space    used 2156K, capacity 2348K, committed 2432K, reserved 1048576K
Event: 16.182 GC heap after
Heap after GC invocations=11 (full 2):
 PSYoungGen      total 313856K, used 64K [0x00000000d5d00000, 0x00000000ebe00000, 0x0000000100000000)
  eden space 265728K, 0% used [0x00000000d5d00000,0x00000000d5d00000,0x00000000e6080000)
  from space 48128K, 0% used [0x00000000e6080000,0x00000000e6090000,0x00000000e8f80000)
  to   space 47616K, 0% used [0x00000000e8f80000,0x00000000e8f80000,0x00000000ebe00000)
 ParOldGen       total 87552K, used 49590K [0x0000000081600000, 0x0000000086b80000, 0x00000000d5d00000)
  object space 87552K, 56% used [0x0000000081600000,0x000000008466daa8,0x0000000086b80000)
 Metaspace       used 18503K, capacity 19142K, committed 19328K, reserved 1067008K
  class space    used 2156K, capacity 2348K, committed 2432K, reserved 1048576K
}
Event: 16.182 GC heap before
{Heap before GC invocations=12 (full 3):
 PSYoungGen      total 313856K, used 64K [0x00000000d5d00000, 0x00000000ebe00000, 0x0000000100000000)
  eden space 265728K, 0% used [0x00000000d5d00000,0x00000000d5d00000,0x00000000e6080000)
  from space 48128K, 0% used [0x00000000e6080000,0x00000000e6090000,0x00000000e8f80000)
  to   space 47616K, 0% used [0x00000000e8f80000,0x00000000e8f80000,0x00000000ebe00000)
 ParOldGen       total 87552K, used 49590K [0x0000000081600000, 0x0000000086b80000, 0x00000000d5d00000)
  object space 87552K, 56% used [0x0000000081600000,0x000000008466daa8,0x0000000086b80000)
 Metaspace       used 18503K, capacity 19142K, committed 19328K, reserved 1067008K
  class space    used 2156K, capacity 2348K, committed 2432K, reserved 1048576K

Deoptimization events (10 events):
Event: 8.204 Thread 0x00000000022ef000 Uncommon trap: reason=null_check action=make_not_entrant pc=0x000000000f9e6da8 method=org.apache.maven.model.merge.MavenModelMerger.mergePlugin_Executions(Lorg/apache/maven/model/Plugin;Lorg/apache/maven/model/Plugin;ZLjava/util/Map;)V @ 180
Event: 8.436 Thread 0x00000000022ef000 Uncommon trap: reason=unstable_if action=reinterpret pc=0x000000000f7b5bb0 method=org.codehaus.plexus.util.xml.pull.MXParser.parseAttribute()C @ 995
Event: 8.517 Thread 0x00000000022ef000 Uncommon trap: reason=speculate_class_check action=maybe_recompile pc=0x000000000f806e70 method=java.nio.charset.CharsetDecoder.decode(Ljava/nio/ByteBuffer;Ljava/nio/CharBuffer;Z)Ljava/nio/charset/CoderResult; @ 57
Event: 8.518 Thread 0x00000000022ef000 Uncommon trap: reason=speculate_class_check action=maybe_recompile pc=0x000000000f806e70 method=java.nio.charset.CharsetDecoder.decode(Ljava/nio/ByteBuffer;Ljava/nio/CharBuffer;Z)Ljava/nio/charset/CoderResult; @ 57
Event: 11.109 Thread 0x00000000022ef000 Uncommon trap: reason=predicate action=maybe_recompile pc=0x000000000f1baf70 method=org.codehaus.plexus.util.SelectorUtils.matchAntPathPattern([Ljava/lang/String;[Ljava/lang/String;Z)Z @ 23
Event: 15.531 Thread 0x00000000022ef000 Uncommon trap: reason=unstable_if action=reinterpret pc=0x000000000f44aa50 method=java.util.zip.ZipOutputStream.getExtraLen([B)I @ 1
Event: 15.642 Thread 0x00000000022ef000 Uncommon trap: reason=unstable_if action=reinterpret pc=0x000000000f77d49c method=java.util.Vector$Itr.hasNext()Z @ 11
Event: 15.683 Thread 0x00000000022ef000 Uncommon trap: reason=unstable_if action=reinterpret pc=0x000000000f3cd014 method=java.io.BufferedOutputStream.write([BII)V @ 6
Event: 16.150 Thread 0x0000000008608800 Uncommon trap: reason=unstable_if action=reinterpret pc=0x000000000f18787c method=java.util.zip.Inflater.ended()Z @ 16
Event: 16.178 Thread 0x00000000022ef000 Uncommon trap: reason=class_check action=maybe_recompile pc=0x000000000f48fe1c method=org.codehaus.plexus.util.IOUtil.close(Ljava/io/InputStream;)V @ 6

Internal exceptions (10 events):
Event: 2.731 Thread 0x00000000022ef000 Exception <a 'java/lang/NullPointerException'> (0x00000000d6faab98) thrown at [D:\re\workspace\8-2-build-windows-amd64-cygwin\jdk8u40\2855\hotspot\src\share\vm\interpreter\linkResolver.cpp, line 1178]
Event: 2.731 Thread 0x00000000022ef000 Exception <a 'java/lang/NullPointerException'> (0x00000000d6faad58) thrown at [D:\re\workspace\8-2-build-windows-amd64-cygwin\jdk8u40\2855\hotspot\src\share\vm\interpreter\linkResolver.cpp, line 1178]
Event: 3.118 Thread 0x00000000022ef000 Implicit null exception at 0x000000000f438315 to 0x000000000f4384ed
Event: 3.119 Thread 0x00000000022ef000 Implicit null exception at 0x000000000f31762f to 0x000000000f317699
Event: 3.173 Thread 0x00000000022ef000 Implicit null exception at 0x000000000f62da2f to 0x000000000f62dc71
Event: 6.052 Thread 0x00000000022ef000 Implicit null exception at 0x000000000f87e668 to 0x000000000f87f761
Event: 6.346 Thread 0x00000000022ef000 Implicit null exception at 0x000000000fb2a95e to 0x000000000fb2c241
Event: 7.064 Thread 0x00000000022ef000 Implicit null exception at 0x000000000fada0dd to 0x000000000fadb3ce
Event: 8.204 Thread 0x00000000022ef000 Implicit null exception at 0x000000000f9e5170 to 0x000000000f9e6d89
Event: 8.883 Thread 0x00000000022ef000 Exception <a 'java/lang/NoClassDefFoundError': org/sonatype/aether/version/VersionConstraint> (0x00000000da4e6dc0) thrown at [D:\re\workspace\8-2-build-windows-amd64-cygwin\jdk8u40\2855\hotspot\src\share\vm\classfile\systemDictionary.cpp, line 199]

Events (10 events):
Event: 16.154 Executing VM operation: RevokeBias
Event: 16.154 Executing VM operation: RevokeBias done
Event: 16.154 Executing VM operation: RevokeBias
Event: 16.154 Executing VM operation: RevokeBias done
Event: 16.154 Executing VM operation: BulkRevokeBias
Event: 16.154 Executing VM operation: BulkRevokeBias done
Event: 16.178 Thread 0x00000000022ef000 Uncommon trap: trap_request=0xffffffde fr.pc=0x000000000f48fe1c
Event: 16.178 Thread 0x00000000022ef000 DEOPT PACKING pc=0x000000000f48fe1c sp=0x000000000246dd20
Event: 16.178 Thread 0x00000000022ef000 DEOPT UNPACKING pc=0x000000000f05582a sp=0x000000000246dcc0 mode 2
Event: 16.181 Executing VM operation: ParallelGCSystemGC


Dynamic libraries:
0x000000013fc60000 - 0x000000013fc97000 	C:\Program Files\Java\jdk1.8.0_40\jre\bin\javaw.exe
0x0000000076f50000 - 0x00000000770fa000 	C:\Windows\SYSTEM32\ntdll.dll
0x0000000076e30000 - 0x0000000076f4f000 	C:\Windows\system32\kernel32.dll
0x000007fefcf90000 - 0x000007fefcffa000 	C:\Windows\system32\KERNELBASE.dll
0x000007fefd9c0000 - 0x000007fefda9b000 	C:\Windows\system32\ADVAPI32.dll
0x000007fefe230000 - 0x000007fefe2cf000 	C:\Windows\system32\msvcrt.dll
0x000007feff1e0000 - 0x000007feff1ff000 	C:\Windows\SYSTEM32\sechost.dll
0x000007fefd6c0000 - 0x000007fefd7ed000 	C:\Windows\system32\RPCRT4.dll
0x0000000076d30000 - 0x0000000076e2a000 	C:\Windows\system32\USER32.dll
0x000007fefd390000 - 0x000007fefd3f7000 	C:\Windows\system32\GDI32.dll
0x000007feff250000 - 0x000007feff25e000 	C:\Windows\system32\LPK.dll
0x000007fefd8f0000 - 0x000007fefd9bb000 	C:\Windows\system32\USP10.dll
0x000007fefa1c0000 - 0x000007fefa3b4000 	C:\Windows\WinSxS\amd64_microsoft.windows.common-controls_6595b64144ccf1df_6.0.7601.18837_none_fa3b1e3d17594757\COMCTL32.dll
0x000007fefd870000 - 0x000007fefd8e1000 	C:\Windows\system32\SHLWAPI.dll
0x000007fefdf50000 - 0x000007fefdf7e000 	C:\Windows\system32\IMM32.DLL
0x000007fefd400000 - 0x000007fefd509000 	C:\Windows\system32\MSCTF.dll
0x000007fefcb70000 - 0x000007fefcba2000 	C:\Windows\system32\nvinitx.dll
0x000007fefcb60000 - 0x000007fefcb6c000 	C:\Windows\system32\VERSION.dll
0x000000000f000000 - 0x000000000f006000 	C:\Program Files\NVIDIA Corporation\CoProcManager\detoured.dll
0x000007fef7b70000 - 0x000007fef7ba2000 	C:\Program Files\NVIDIA Corporation\CoProcManager\nvd3d9wrapx.dll
0x000007fefdd70000 - 0x000007fefdf47000 	C:\Windows\system32\SETUPAPI.dll
0x000007fefce70000 - 0x000007fefcea6000 	C:\Windows\system32\CFGMGR32.dll
0x000007fefe2d0000 - 0x000007fefe3aa000 	C:\Windows\system32\OLEAUT32.dll
0x000007fefdf80000 - 0x000007fefe17c000 	C:\Windows\system32\ole32.dll
0x000007fefcf00000 - 0x000007fefcf1a000 	C:\Windows\system32\DEVOBJ.dll
0x000007fef7ae0000 - 0x000007fef7b02000 	C:\Program Files\NVIDIA Corporation\CoProcManager\nvdxgiwrapx.dll
0x0000000063870000 - 0x0000000063942000 	C:\Program Files\Java\jdk1.8.0_40\jre\bin\msvcr100.dll
0x0000000054f90000 - 0x0000000055813000 	C:\Program Files\Java\jdk1.8.0_40\jre\bin\server\jvm.dll
0x000007fef5dc0000 - 0x000007fef5dc9000 	C:\Windows\system32\WSOCK32.dll
0x000007feff200000 - 0x000007feff24d000 	C:\Windows\system32\WS2_32.dll
0x000007fefe180000 - 0x000007fefe188000 	C:\Windows\system32\NSI.dll
0x000007fef7bb0000 - 0x000007fef7beb000 	C:\Windows\system32\WINMM.dll
0x0000000077120000 - 0x0000000077127000 	C:\Windows\system32\PSAPI.DLL
0x000000006f340000 - 0x000000006f34f000 	C:\Program Files\Java\jdk1.8.0_40\jre\bin\verify.dll
0x0000000063a00000 - 0x0000000063a29000 	C:\Program Files\Java\jdk1.8.0_40\jre\bin\java.dll
0x000000006d230000 - 0x000000006d246000 	C:\Program Files\Java\jdk1.8.0_40\jre\bin\zip.dll
0x000007fefe450000 - 0x000007feff1db000 	C:\Windows\system32\SHELL32.dll
0x000007fefcc50000 - 0x000007fefcc5f000 	C:\Windows\system32\profapi.dll
0x0000000066d00000 - 0x0000000066d1a000 	C:\Program Files\Java\jdk1.8.0_40\jre\bin\net.dll
0x000007fefc3c0000 - 0x000007fefc415000 	C:\Windows\system32\mswsock.dll
0x000007fefc3b0000 - 0x000007fefc3b7000 	C:\Windows\System32\wship6.dll
0x0000000063a50000 - 0x0000000063a61000 	C:\Program Files\Java\jdk1.8.0_40\jre\bin\nio.dll
0x000007fef9290000 - 0x000007fef93b5000 	C:\Windows\system32\dbghelp.dll

VM Arguments:
jvm_args: -Dmaven.home=EMBEDDED -Dclassworlds.conf=C:\Users\Admin\Dropbox\workspace1\.metadata\.plugins\org.eclipse.m2e.launching\launches\m2conf2079151506876310412.tmp -Dmaven.multiModuleProjectDirectory=C:\Users\Admin\Dropbox\workspace1\ACACIA-Ontology -Dfile.encoding=Cp1252 
java_command: org.codehaus.plexus.classworlds.launcher.Launcher -B package
java_class_path (initial): /C:/Users/Admin/Desktop/eclipse/eclipse/../../../.p2/pool/plugins/org.eclipse.m2e.maven.runtime_1.7.0.20160603-1931/jars/plexus-classworlds-2.5.2.jar
Launcher Type: SUN_STANDARD

Environment Variables:
PATH=C:/Program Files/Java/jre1.8.0_131/bin/server;C:/Program Files/Java/jre1.8.0_131/bin;C:/Program Files/Java/jre1.8.0_131/lib/amd64;C:\Program Files (x86)\Qucs\bin;C:\ProgramData\Oracle\Java\javapath;C:\Program Files (x86)\NVIDIA Corporation\PhysX\Common;C:\Program Files (x86)\Python34\;C:\Program Files (x86)\Python34\Scripts;C:\Windows\system32;C:\Windows;C:\Windows\System32\Wbem;C:\Windows\System32\WindowsPowerShell\v1.0\;C:\Program Files\Java\jdk1.7.0_40\bin;C:\Program Files (x86)\Microchip\MPLAB C32 Suite\bin;C:\Program Files (x86)\mingw32\bin;C:\Program Files\OpenVPN\bin;C:\Program Files\MATLAB\R2016a\runtime\win64;C:\Program Files\MATLAB\R2016a\bin;C:\Program Files\doxygen\bin;C:\Program Files\Microsoft SQL Server\130\Tools\Binn\;C:\Program Files\dotnet\;C:\Program Files (x86)\Microchip\MPLAB C30\bin;;C:\Users\Admin\Desktop;
USERNAME=Admin
OS=Windows_NT
PROCESSOR_IDENTIFIER=Intel64 Family 6 Model 42 Stepping 7, GenuineIntel



---------------  S Y S T E M  ---------------

OS: Windows 7 , 64 bit Build 7601 (6.1.7601.23807)

CPU:total 4 (2 cores per cpu, 2 threads per core) family 6 model 42 stepping 7, cmov, cx8, fxsr, mmx, sse, sse2, sse3, ssse3, sse4.1, sse4.2, popcnt, avx, aes, clmul, ht, tsc, tscinvbit

Memory: 4k page, physical 8292292k(2578848k free), swap 8290432k(1942640k free)

vm_info: Java HotSpot(TM) 64-Bit Server VM (25.40-b25) for windows-amd64 JRE (1.8.0_40-b25), built on Feb 10 2015 21:53:57 by "java_re" with MS VC++ 10.0 (VS2010)

time: Mon Jul 17 14:14:46 2017
elapsed time: 16 seconds (0d 0h 0m 16s)

